<?xml version="1.0" encoding="UTF-8" ?>
<testsuite failures="0" time="2.006" errors="0" skipped="0" tests="24" name="org.mymeter.test.TestISOClientAtivacao">
  <properties>
    <property name="java.runtime.name" value="Java(TM) SE Runtime Environment"/>
    <property name="sun.boot.library.path" value="C:\Program Files\Java\jdk1.7.0_11\jre\bin"/>
    <property name="java.vm.version" value="23.6-b04"/>
    <property name="java.vm.vendor" value="Oracle Corporation"/>
    <property name="maven.multiModuleProjectDirectory" value="C:\Users\leandro\Java\eclipse-jee-mars-2-win32-x86_64\workspaces\ws-github\mymeter"/>
    <property name="java.vendor.url" value="http://java.oracle.com/"/>
    <property name="path.separator" value=";"/>
    <property name="guice.disable.misplaced.annotation.check" value="true"/>
    <property name="java.vm.name" value="Java HotSpot(TM) 64-Bit Server VM"/>
    <property name="file.encoding.pkg" value="sun.io"/>
    <property name="user.script" value=""/>
    <property name="user.country" value="BR"/>
    <property name="sun.java.launcher" value="SUN_STANDARD"/>
    <property name="sun.os.patch.level" value="Service Pack 1"/>
    <property name="java.vm.specification.name" value="Java Virtual Machine Specification"/>
    <property name="user.dir" value="C:\Users\leandro\Java\eclipse-jee-mars-2-win32-x86_64\workspaces\ws-github\mymeter"/>
    <property name="java.runtime.version" value="1.7.0_11-b21"/>
    <property name="java.awt.graphicsenv" value="sun.awt.Win32GraphicsEnvironment"/>
    <property name="java.endorsed.dirs" value="C:\Program Files\Java\jdk1.7.0_11\jre\lib\endorsed"/>
    <property name="os.arch" value="amd64"/>
    <property name="java.io.tmpdir" value="C:\Users\leandro\AppData\Local\Temp\"/>
    <property name="line.separator" value="
"/>
    <property name="java.vm.specification.vendor" value="Oracle Corporation"/>
    <property name="user.variant" value=""/>
    <property name="os.name" value="Windows 7"/>
    <property name="classworlds.conf" value="C:\Users\leandro\Java\apache-maven-3.3.9\bin\..\bin\m2.conf"/>
    <property name="sun.jnu.encoding" value="Cp1252"/>
    <property name="java.library.path" value="C:\Program Files\Java\jdk1.7.0_11\bin;C:\Windows\Sun\Java\bin;C:\Windows\system32;C:\Windows;C:\ProgramData\Oracle\Java\javapath;C:\Program Files (x86)\NVIDIA Corporation\PhysX\Common;C:\Program Files\Common Files\Microsoft Shared\Windows Live;C:\Program Files (x86)\Common Files\Microsoft Shared\Windows Live;C:\Windows\system32;C:\Windows;C:\Windows\System32\Wbem;C:\Windows\System32\WindowsPowerShell\v1.0\;C:\Program Files (x86)\Windows Live\Shared;C:\Program Files\Microsoft\Web Platform Installer\;C:\Program Files (x86)\Microsoft ASP.NET\ASP.NET Web Pages\v1.0\;C:\Program Files (x86)\Windows Kits\8.0\Windows Performance Toolkit\;C:\Program Files\Microsoft SQL Server\110\Tools\Binn\;C:\Program Files (x86)\cvsnt;C:\Program Files (x86)\QuickTime\QTSystem\;C:\Program Files (x86)\Skype\Phone\;C:\Program Files\SafeNet\Authentication\SAC\x32;C:\Program Files\SafeNet\Authentication\SAC\x64;C:\Program Files\nodejs\;C:\Python27;C:\Users\leandro\Java\apache-maven-3.3.9\bin;C:\Users\leandro\AppData\Roaming\npm;."/>
    <property name="java.specification.name" value="Java Platform API Specification"/>
    <property name="java.class.version" value="51.0"/>
    <property name="sun.management.compiler" value="HotSpot 64-Bit Tiered Compilers"/>
    <property name="os.version" value="6.1"/>
    <property name="user.home" value="C:\Users\leandro"/>
    <property name="user.timezone" value="America/Sao_Paulo"/>
    <property name="java.awt.printerjob" value="sun.awt.windows.WPrinterJob"/>
    <property name="java.specification.version" value="1.7"/>
    <property name="file.encoding" value="Cp1252"/>
    <property name="user.name" value="leandro"/>
    <property name="java.class.path" value="C:\Users\leandro\Java\apache-maven-3.3.9\bin\..\boot\plexus-classworlds-2.5.2.jar"/>
    <property name="java.vm.specification.version" value="1.7"/>
    <property name="sun.arch.data.model" value="64"/>
    <property name="java.home" value="C:\Program Files\Java\jdk1.7.0_11\jre"/>
    <property name="sun.java.command" value="org.codehaus.plexus.classworlds.launcher.Launcher clean package"/>
    <property name="java.specification.vendor" value="Oracle Corporation"/>
    <property name="user.language" value="pt"/>
    <property name="awt.toolkit" value="sun.awt.windows.WToolkit"/>
    <property name="java.vm.info" value="mixed mode"/>
    <property name="java.version" value="1.7.0_11"/>
    <property name="java.ext.dirs" value="C:\Program Files\Java\jdk1.7.0_11\jre\lib\ext;C:\Windows\Sun\Java\lib\ext"/>
    <property name="sun.boot.class.path" value="C:\Program Files\Java\jdk1.7.0_11\jre\lib\resources.jar;C:\Program Files\Java\jdk1.7.0_11\jre\lib\rt.jar;C:\Program Files\Java\jdk1.7.0_11\jre\lib\sunrsasign.jar;C:\Program Files\Java\jdk1.7.0_11\jre\lib\jsse.jar;C:\Program Files\Java\jdk1.7.0_11\jre\lib\jce.jar;C:\Program Files\Java\jdk1.7.0_11\jre\lib\charsets.jar;C:\Program Files\Java\jdk1.7.0_11\jre\lib\jfr.jar;C:\Program Files\Java\jdk1.7.0_11\jre\classes"/>
    <property name="java.vendor" value="Oracle Corporation"/>
    <property name="maven.home" value="C:\Users\leandro\Java\apache-maven-3.3.9\bin\.."/>
    <property name="file.separator" value="\"/>
    <property name="java.vendor.url.bug" value="http://bugreport.sun.com/bugreport/"/>
    <property name="sun.cpu.endian" value="little"/>
    <property name="sun.io.unicode.encoding" value="UnicodeLittle"/>
    <property name="sun.desktop" value="windows"/>
    <property name="sun.cpu.isalist" value="amd64"/>
  </properties>
  <testcase time="0.105" classname="org.mymeter.test.TestISOClientAtivacao" name="buildMessage__AreasEspeciais_1CAD2H_Carro__MessageBuiltAccordingly"/>
  <testcase time="0.095" classname="org.mymeter.test.TestISOClientAtivacao" name="buildMessage__AreasEspeciais_2CAD6H_Carro__MessageBuiltAccordingly"/>
  <testcase time="0.084" classname="org.mymeter.test.TestISOClientAtivacao" name="buildMessage__AreasEspeciais_2CAD4H_Carro__MessageBuiltAccordingly"/>
  <testcase time="0.074" classname="org.mymeter.test.TestISOClientAtivacao" name="buildMessage__BolsaoCaminhao_1CAD_Moto__MessageBuiltAccordingly"/>
  <testcase time="0.075" classname="org.mymeter.test.TestISOClientAtivacao" name="buildMessage__RegraGeral_1CAD_Moto__MessageBuiltAccordingly"/>
  <testcase time="0.073" classname="org.mymeter.test.TestISOClientAtivacao" name="buildMessage__BolsaoCaminhao_1CAD_Carro__MessageBuiltAccordingly"/>
  <testcase time="0.079" classname="org.mymeter.test.TestISOClientAtivacao" name="buildMessage__RegraGeral_1CAD_Carro__MessageBuiltAccordingly"/>
  <testcase time="0.076" classname="org.mymeter.test.TestISOClientAtivacao" name="buildMessage__RegraGeral_2CAD_Caminhao__MessageBuiltAccordingly"/>
  <testcase time="0.073" classname="org.mymeter.test.TestISOClientAtivacao" name="buildMessage__BolsaoCaminhao_2CAD_Moto__MessageBuiltAccordingly"/>
  <testcase time="0.073" classname="org.mymeter.test.TestISOClientAtivacao" name="buildMessage__RegraGeral_2CAD_Moto__MessageBuiltAccordingly"/>
  <testcase time="0.079" classname="org.mymeter.test.TestISOClientAtivacao" name="buildMessage__AreasEspeciais_2CAD4H_Moto__MessageBuiltAccordingly"/>
  <testcase time="0.072" classname="org.mymeter.test.TestISOClientAtivacao" name="buildMessage__AreasEspeciais_1CAD3H_Moto__MessageBuiltAccordingly"/>
  <testcase time="0.075" classname="org.mymeter.test.TestISOClientAtivacao" name="buildMessage__AreasEspeciais_1CAD2H_Caminhao__MessageBuiltAccordingly"/>
  <testcase time="0.072" classname="org.mymeter.test.TestISOClientAtivacao" name="buildMessage__AreasEspeciais_1CAD3H_Carro__MessageBuiltAccordingly"/>
  <testcase time="0.075" classname="org.mymeter.test.TestISOClientAtivacao" name="buildMessage__AreasEspeciais_2CAD6H_Moto__MessageBuiltAccordingly"/>
  <testcase time="0.072" classname="org.mymeter.test.TestISOClientAtivacao" name="buildMessage__BolsaoCaminhao_1CAD_Caminhao__MessageBuiltAccordingly"/>
  <testcase time="0.075" classname="org.mymeter.test.TestISOClientAtivacao" name="buildMessage__AreasEspeciais_2CAD6H_Caminhao__MessageBuiltAccordingly"/>
  <testcase time="0.073" classname="org.mymeter.test.TestISOClientAtivacao" name="buildMessage__BolsaoCaminhao_2CAD_Carro__MessageBuiltAccordingly"/>
  <testcase time="0.072" classname="org.mymeter.test.TestISOClientAtivacao" name="buildMessage__RegraGeral_2CAD_Carro__MessageBuiltAccordingly"/>
  <testcase time="0.103" classname="org.mymeter.test.TestISOClientAtivacao" name="buildMessage__AreasEspeciais_2CAD4H_Caminhao__MessageBuiltAccordingly"/>
  <testcase time="0.099" classname="org.mymeter.test.TestISOClientAtivacao" name="buildMessage__RegraGeral_1CAD_Caminhao__MessageBuiltAccordingly"/>
  <testcase time="0.112" classname="org.mymeter.test.TestISOClientAtivacao" name="buildMessage__BolsaoCaminhao_2CAD_Caminhao__MessageBuiltAccordingly"/>
  <testcase time="0.113" classname="org.mymeter.test.TestISOClientAtivacao" name="buildMessage__AreasEspeciais_1CAD3H_Caminhao__MessageBuiltAccordingly"/>
  <testcase time="0.107" classname="org.mymeter.test.TestISOClientAtivacao" name="buildMessage__AreasEspeciais_1CAD2H_Moto__MessageBuiltAccordingly"/>
</testsuite>